<?xml version="1.0" encoding="UTF-8"?>
<!-- Generated by org.testng.reporters.JUnitReportReporter -->
<testsuite hostname="SrivasuPrasad" failures="0" tests="1" name="installingApp.InstallDmartApp" time="15.400" errors="0" timestamp="2022-07-07T10:36:59 IST" skipped="0">
  <testcase classname="installingApp.InstallDmartApp" name="insatllDmartApp" time="15.400"/>
  <system-out/>
</testsuite> <!-- installingApp.InstallDmartApp -->
