<?xml version="1.0" encoding="UTF-8"?>
<!-- Generated by org.testng.reporters.JUnitReportReporter -->
<testsuite hostname="SrivasuPrasad" failures="0" tests="1" name="scanerios.AddProductToCartTest" time="91.732" errors="0" timestamp="2022-07-15T10:28:24 IST" skipped="0">
  <testcase classname="scanerios.AddProductToCartTest" name="addProductTocartTest" time="91.732"/>
  <system-out/>
</testsuite> <!-- scanerios.AddProductToCartTest -->
