<?xml version="1.0" encoding="UTF-8"?>
<!-- Generated by org.testng.reporters.JUnitReportReporter -->
<testsuite hostname="SrivasuPrasad" failures="0" tests="1" name="installingApp.InsatllAndLaunchApp" time="14.111" errors="0" timestamp="2022-07-06T20:44:14 IST" skipped="0">
  <testcase classname="installingApp.InsatllAndLaunchApp" name="installEasyBuyApp" time="14.111"/>
  <system-out/>
</testsuite> <!-- installingApp.InsatllAndLaunchApp -->
